<?xml version="1.0" encoding="UTF-8"?>
<testng-results skipped="0" failed="0" ignored="0" total="1" passed="1">
  <reporter-output>
  </reporter-output>
  <suite name="Default suite" duration-ms="178667" started-at="2021-01-06T12:12:51Z" finished-at="2021-01-06T12:15:50Z">
    <groups>
    </groups>
    <test name="Default test" duration-ms="178667" started-at="2021-01-06T12:12:51Z" finished-at="2021-01-06T12:15:50Z">
      <class name="com.Test.BookMyShow_Test">
        <test-method status="PASS" signature="setUp()[pri:0, instance:com.Test.BookMyShow_Test@185d8b6]" name="setUp" is-config="true" duration-ms="22460" started-at="2021-01-06T12:12:51Z" finished-at="2021-01-06T12:13:13Z">
          <reporter-output>
          </reporter-output>
        </test-method> <!-- setUp -->
        <test-method status="PASS" signature="selectCity()[pri:0, instance:com.Test.BookMyShow_Test@185d8b6]" name="selectCity" duration-ms="156124" started-at="2021-01-06T12:13:13Z" finished-at="2021-01-06T12:15:49Z">
          <reporter-output>
          </reporter-output>
        </test-method> <!-- selectCity -->
        <test-method status="PASS" signature="tearDown()[pri:0, instance:com.Test.BookMyShow_Test@185d8b6]" name="tearDown" is-config="true" duration-ms="61" started-at="2021-01-06T12:15:49Z" finished-at="2021-01-06T12:15:50Z">
          <reporter-output>
          </reporter-output>
        </test-method> <!-- tearDown -->
      </class> <!-- com.Test.BookMyShow_Test -->
    </test> <!-- Default test -->
  </suite> <!-- Default suite -->
</testng-results>
